<?xml version="1.0" encoding="UTF-8"?>
<testsuite name="MainKtTest" tests="1" skipped="0" failures="0" errors="0" timestamp="2021-09-30T14:13:00" hostname="DEVMAC49-1115.local" time="0.017">
  <properties/>
  <testcase name="reverseString()" classname="MainKtTest" time="0.017"/>
  <system-out><![CDATA[]]></system-out>
  <system-err><![CDATA[]]></system-err>
</testsuite>
